.:
Code
Exam
History
Outputs
Resources

./Code:
Java
NodeJS
Python

./Code/Java:

./Code/NodeJS:

./Code/Python:

./Exam:
app1.cpp
app2.py
app3.java
data1.log.txt
flower_original.jpeg
stam.txt.txt
stam1.txt.txt
tests.csv

./History:

./Outputs:
Q1
Q2
Q3
Q4

./Outputs/Q1:
out_1.log

./Outputs/Q2:

./Outputs/Q3:

./Outputs/Q4:

./Resources:
Data
Downloads
Images

./Resources/Data:
data1.log.txt
stam.txt.txt
stam1.txt.txt
tests.csv

./Resources/Downloads:
app2.py
app3.java
download_12-09-2023

./Resources/Downloads/download_12-09-2023:
Exam-f1

./Resources/Downloads/download_12-09-2023/Exam-f1:
app1.cpp
app2.py
app3.java
data1.log.txt
flower_original.jpeg
stam.txt.txt
stam1.txt.txt
tests.csv

./Resources/Images:
